<?xml version="1.0" encoding="UTF-8"?>
<!-- Generated by org.testng.reporters.JUnitXMLReporter -->
<testsuite hostname="LAPTOP-7FLUI04S" ignored="0" name="Test" tests="5" failures="0" timestamp="16 Sep 2019 13:03:18 GMT" time="87.076" errors="0">
  <testcase name="validateTitlePageTest" time="0.036" classname="com.crm.qa.testcases.LoginPageTest"/>
  <testcase name="verifyHomePageTitleTest" time="0.02" classname="com.crm.qa.testcases.HomePageTest"/>
  <testcase name="loginTest" time="0.608" classname="com.crm.qa.testcases.LoginPageTest"/>
  <testcase name="verifyContactsLinkTest" time="3.864" classname="com.crm.qa.testcases.HomePageTest"/>
  <testcase name="verifyCorretUserNameTest" time="3.566" classname="com.crm.qa.testcases.HomePageTest"/>
</testsuite> <!-- Test -->
